<?xml version="1.0" encoding="UTF-8"?>
<testsuite name="org.iitrpr.Pages.Students.Student_home_pageTest2" tests="1" skipped="0" failures="0" errors="0" timestamp="2023-03-09T15:29:26" hostname="nishant" time="0.287">
  <properties/>
  <testcase name="student_login_front_end()" classname="org.iitrpr.Pages.Students.Student_home_pageTest2" time="0.287"/>
  <system-out><![CDATA[----STUDENT LOGIN----
Press 1=To view records up to current semester
Press 2=To view current CGPA
Press 3=To register for current semester
Press 4=To view personal information
Press 5=Edit personal information
Press 6=To check the list of eligible students for graduation
Enter your choice:bhai choice=3
sem present
current session bhai=2021-1
current session bhai=2021-1



PR0GRAM CORE AVAILABLE FOR THIS SEMESTER
SUBJECT  INSTRUCTOR-ID  SESSION   CGPA_CONSTRAINT
CS201 anilshukla@iitrpr.ac.in 2021-1 0.0




ENGINEERING CORE AVAILABLE FOR THIS SEMESTER:
SUBJECT  INSTRUCTOR-ID  SESSION   CGPA_CONSTRAINT
HS201 amritesh@iitrpr.ac.in 2021-1 0.0
HS201 amritesh@iitrpr.ac.in 2021-1 0.0

Course CS201 already completed or you are registered in it.
Course HS201 already completed or you are registered in it.
Course HS201 already completed or you are registered in it.
Total registered credits for this session=7.0
Press 1 to go back to login page else 0 to continue:Exit choice=1
]]></system-out>
  <system-err><![CDATA[]]></system-err>
</testsuite>
