<?xml version="1.0" encoding="UTF-8"?>
<testsuite name="org.iitrpr.Utilities.Generate_TranscriptTest" tests="1" skipped="0" failures="0" errors="0" timestamp="2023-03-09T15:29:29" hostname="nishant" time="0.029">
  <properties/>
  <testcase name="transcript()" classname="org.iitrpr.Utilities.Generate_TranscriptTest" time="0.029"/>
  <system-out><![CDATA[current session bhai=2021-1
Current Semester=3
Student didn't did any course in the session 2021-1
]]></system-out>
  <system-err><![CDATA[]]></system-err>
</testsuite>
