<?xml version="1.0" encoding="UTF-8"?>
<testsuite name="org.iitrpr.Utilities.Check_passwordTest" tests="3" skipped="0" failures="0" errors="0" timestamp="2023-03-09T15:29:28" hostname="nishant" time="0.292">
  <properties/>
  <testcase name="check_password_1()" classname="org.iitrpr.Utilities.Check_passwordTest" time="0.011"/>
  <testcase name="check_password_2()" classname="org.iitrpr.Utilities.Check_passwordTest" time="0.007"/>
  <testcase name="check_password()" classname="org.iitrpr.Utilities.Check_passwordTest" time="0.017"/>
  <system-out><![CDATA[neeraj@iitrpr.ac.in neeraj12
select * from faculty  where emailid='neeraj@iitrpr.ac.in' and password='neeraj12';
deanstaff@iitrpr.ac.in acad1
select * from academic_office  where emailid='deanstaff@iitrpr.ac.in' and password='acad1';
2020csb1103@iitrpr.ac.in verma12
select * from students  where emailid='2020csb1103@iitrpr.ac.in' and password='verma12';
]]></system-out>
  <system-err><![CDATA[]]></system-err>
</testsuite>
