<?xml version="1.0" encoding="UTF-8"?>
<testsuite name="org.iitrpr.Pages.Academic_Office.Academic_Office_home_pageTest4" tests="1" skipped="0" failures="0" errors="0" timestamp="2023-03-09T15:29:20" hostname="nishant" time="0.094">
  <properties/>
  <testcase name="academic_login_front_end_6()" classname="org.iitrpr.Pages.Academic_Office.Academic_Office_home_pageTest4" time="0.094"/>
  <system-out><![CDATA[----ACADEMIC OFFICE LOGIN----
Press 1=View grade of all students
Press 2=To edit the course catalog(add or remove new courses)
Press 3=To generate transcripts of students
Press 4=To add a session information, whether to allow course registration,grade submission
Press 5=To specify a course for current session and its type
Enter your choice:mera choice=4
----AVAILABLE OPTIONS----
Press 1=To start a new session
Press 2=To start course floating
Press 3=To start course registration
Press 4=To start grade submission
Press 5=To stop grade submission
Press 6=To stop course registration
Press 7=To stop course floating
Press 8=To end the session
Press 9=To go back to academic office home page
Enter your choice:Choices in the funct=4
0 0 0
First start course floating
----AVAILABLE OPTIONS----
Press 1=To start a new session
Press 2=To start course floating
Press 3=To start course registration
Press 4=To start grade submission
Press 5=To stop grade submission
Press 6=To stop course registration
Press 7=To stop course floating
Press 8=To end the session
Press 9=To go back to academic office home page
Enter your choice:Choices in the funct=3
yo bhai
courses floated=0
Can't open course registration before allowing course floating
----AVAILABLE OPTIONS----
Press 1=To start a new session
Press 2=To start course floating
Press 3=To start course registration
Press 4=To start grade submission
Press 5=To stop grade submission
Press 6=To stop course registration
Press 7=To stop course floating
Press 8=To end the session
Press 9=To go back to academic office home page
Enter your choice:Choices in the funct=2
choice 2
Course floating started for session=2020-1
----AVAILABLE OPTIONS----
Press 1=To start a new session
Press 2=To start course floating
Press 3=To start course registration
Press 4=To start grade submission
Press 5=To stop grade submission
Press 6=To stop course registration
Press 7=To stop course floating
Press 8=To end the session
Press 9=To go back to academic office home page
Enter your choice:Choices in the funct=2
choice 2
You can start course floating only once in a session
----AVAILABLE OPTIONS----
Press 1=To start a new session
Press 2=To start course floating
Press 3=To start course registration
Press 4=To start grade submission
Press 5=To stop grade submission
Press 6=To stop course registration
Press 7=To stop course floating
Press 8=To end the session
Press 9=To go back to academic office home page
Enter your choice:Choices in the funct=7
COURSE FLOATING STOPPED
----AVAILABLE OPTIONS----
Press 1=To start a new session
Press 2=To start course floating
Press 3=To start course registration
Press 4=To start grade submission
Press 5=To stop grade submission
Press 6=To stop course registration
Press 7=To stop course floating
Press 8=To end the session
Press 9=To go back to academic office home page
Enter your choice:Choices in the funct=8
yaarN 0 0
End course registration
----AVAILABLE OPTIONS----
Press 1=To start a new session
Press 2=To start course floating
Press 3=To start course registration
Press 4=To start grade submission
Press 5=To stop grade submission
Press 6=To stop course registration
Press 7=To stop course floating
Press 8=To end the session
Press 9=To go back to academic office home page
Enter your choice:Choices in the funct=9
Press 1 to go back to login page else 0 to continue:]]></system-out>
  <system-err><![CDATA[]]></system-err>
</testsuite>
