<?xml version="1.0" encoding="UTF-8"?>
<testsuite name="org.iitrpr.Pages.Students.Student_home_pageTest12" tests="1" skipped="0" failures="0" errors="0" timestamp="2023-03-09T15:29:25" hostname="nishant" time="0.101">
  <properties/>
  <testcase name="register_electives()" classname="org.iitrpr.Pages.Students.Student_home_pageTest12" time="0.101"/>
  <system-out><![CDATA[----STUDENT LOGIN----
Press 1=To view records up to current semester
Press 2=To view current CGPA
Press 3=To register for current semester
Press 4=To view personal information
Press 5=Edit personal information
Press 6=To check the list of eligible students for graduation
Enter your choice:bhai choice=6
[3, 1, 0, 5, 3]
CS101 PC 3.0
[3, 1, 0, 5, 3]
MA102 EC 3.0
[2, 1, 2, 4, 3]
GE104 EC 3.0
[3, 0, 3, 7.5, 3]
GE103 EC 3.0
[3, 1, 2, 6, 20]
CS500 PC 20.0
[3, 1, 2, 6, 20]
HS500 EC 20.0
[3, 1, 2, 6, 20]
MA500 EL 20.0
23.0 29.0 20.0
Student has not completed the btp!
Press 1 to go back to login page else 0 to continue:Exit choice=1
]]></system-out>
  <system-err><![CDATA[]]></system-err>
</testsuite>
