<?xml version="1.0" encoding="UTF-8"?>
<testsuite name="org.iitrpr.Pages.Faculty.Faculty_home_pageTest" tests="1" skipped="0" failures="0" errors="0" timestamp="2023-03-09T15:29:21" hostname="nishant" time="0.078">
  <properties/>
  <testcase name="faculty_login_front_end()" classname="org.iitrpr.Pages.Faculty.Faculty_home_pageTest" time="0.078"/>
  <system-out><![CDATA[----FACULTY LOGIN----
Press 1=View grade of all students
Press 2=Register the courses
Press 3=Deregister the courses
Press 4=Update course grade for students
Press 5=To generate transcript
Enter your choice:Please enter student ID:current session bhai=2021-1
Current Semester=3
Student didn't did any course in the session 2021-1
Press 1 to go back to login page else 0 to continue:Value of t=1
]]></system-out>
  <system-err><![CDATA[]]></system-err>
</testsuite>
