<?xml version="1.0" encoding="UTF-8"?>
<testsuite name="org.iitrpr.DatabaseTest" tests="4" skipped="0" failures="0" errors="0" timestamp="2023-03-09T15:29:14" hostname="nishant" time="1.774">
  <properties/>
  <testcase name="create_tables()" classname="org.iitrpr.DatabaseTest" time="0.091"/>
  <testcase name="insert_data_in_a_table()" classname="org.iitrpr.DatabaseTest" time="0.004"/>
  <testcase name="insert_data()" classname="org.iitrpr.DatabaseTest" time="0.678"/>
  <testcase name="main()" classname="org.iitrpr.DatabaseTest" time="0.003"/>
  <system-out><![CDATA[/home/nishant/Documents/Academics/Software_Engineering/Project/mini_project_2/src/main/java/org/tables/departments.csv

Computer Science and Engineering 
INSERT INTO departments VALUES('Computer Science and Engineering');
Chemical Engineering 
INSERT INTO departments VALUES('Chemical Engineering');
Civil Engineering 
INSERT INTO departments VALUES('Civil Engineering');
Mechanical Engineering 
INSERT INTO departments VALUES('Mechanical Engineering');
Electrical Engineering 
INSERT INTO departments VALUES('Electrical Engineering');
Chemistry 
INSERT INTO departments VALUES('Chemistry');
Physics 
INSERT INTO departments VALUES('Physics');
Mathematics 
INSERT INTO departments VALUES('Mathematics');
Humanities and Social Sciences 
INSERT INTO departments VALUES('Humanities and Social Sciences');
Center of BioMedical Engineering 
INSERT INTO departments VALUES('Center of BioMedical Engineering');
Center for Materials and Energy 
INSERT INTO departments VALUES('Center for Materials and Energy');
/home/nishant/Documents/Academics/Software_Engineering/Project/mini_project_2/src/main/java/org/tables/students.csv

2020CSB1103 2020csb1103@iitrpr.ac.in 2020 Nishant Verma Computer Science and Engineering verma12 1234567890 
INSERT INTO students VALUES('2020CSB1103','2020csb1103@iitrpr.ac.in',2020,'Nishant Verma','Computer Science and Engineering','verma12','1234567890');
2020CSB1101 2020csb1101@iitrpr.ac.in 2020 Navroop Singh Computer Science and Engineering singh05 1234567890 
INSERT INTO students VALUES('2020CSB1101','2020csb1101@iitrpr.ac.in',2020,'Navroop Singh','Computer Science and Engineering','singh05','1234567890');
2020CSB1094 2020csb1094@iitrpr.ac.in 2020 Kartikay Singh Computer Science and Engineering karti19 1234567890 
INSERT INTO students VALUES('2020CSB1094','2020csb1094@iitrpr.ac.in',2020,'Kartikay Singh','Computer Science and Engineering','karti19','1234567890');
2020CSB1126 2020csb1126@iitrpr.ac.in 2020 Shilu Tudu Computer Science and Engineering tudu27 1234567890 
INSERT INTO students VALUES('2020CSB1126','2020csb1126@iitrpr.ac.in',2020,'Shilu Tudu','Computer Science and Engineering','tudu27','1234567890');
/home/nishant/Documents/Academics/Software_Engineering/Project/mini_project_2/src/main/java/org/tables/course_catalog.csv

CS304 Computer Networks Computer Science and Engineering 3-1-2-6-4 {"CS201"} 
INSERT INTO course_catalog VALUES('CS304','Computer Networks','Computer Science and Engineering','3-1-2-6-4','{"CS201"}');
CS305 Software Engineering Computer Science and Engineering 3-1-2-6-4 {"CS301","CS303"} 
INSERT INTO course_catalog VALUES('CS305','Software Engineering','Computer Science and Engineering','3-1-2-6-4','{"CS301","CS303"}');
CS306 Theory of Computation Computer Science and Engineering 3-1-0-5-3 {"CS101"} 
INSERT INTO course_catalog VALUES('CS306','Theory of Computation','Computer Science and Engineering','3-1-0-5-3','{"CS101"}');
CS101 Discrete Mathematics Computer Science and Engineering 3-1-0-5-3 {"NIL"} 
INSERT INTO course_catalog VALUES('CS101','Discrete Mathematics','Computer Science and Engineering','3-1-0-5-3','{"NIL"}');
CS201 DATA STRUCTURES Computer Science and Engineering 3-1-2-6-4 {"GE103"} 
INSERT INTO course_catalog VALUES('CS201','DATA STRUCTURES','Computer Science and Engineering','3-1-2-6-4','{"GE103"}');
CS202 Programming Paradigms and Pragmatics Computer Science and Engineering 3-1-2-6-4 {"CS201"} 
INSERT INTO course_catalog VALUES('CS202','Programming Paradigms and Pragmatics','Computer Science and Engineering','3-1-2-6-4','{"CS201"}');
CS203 Digital Logic Design Computer Science and Engineering 3-1-3-6-4 {"GE103"} 
INSERT INTO course_catalog VALUES('CS203','Digital Logic Design','Computer Science and Engineering','3-1-3-6-4','{"GE103"}');
CS204 Computer Architecture  Computer Science and Engineering 3-1-2-6-4 {"CS203","CS201"} 
INSERT INTO course_catalog VALUES('CS204','Computer Architecture ','Computer Science and Engineering','3-1-2-6-4','{"CS203","CS201"}');
CS302 Analysis and Design of Algorithms Computer Science and Engineering 3-1-0-5-3 {"CS101"} 
INSERT INTO course_catalog VALUES('CS302','Analysis and Design of Algorithms','Computer Science and Engineering','3-1-0-5-3','{"CS101"}');
CS301 Databases Computer Science and Engineering 3-1-2-6-4 {"CS201"} 
INSERT INTO course_catalog VALUES('CS301','Databases','Computer Science and Engineering','3-1-2-6-4','{"CS201"}');
CS303 Operating Systems Computer Science and Engineering 3-1-2-6-4 {"CS201","CS203"} 
INSERT INTO course_catalog VALUES('CS303','Operating Systems','Computer Science and Engineering','3-1-2-6-4','{"CS201","CS203"}');
GE103 INTRODUCTION TO COMPUTING AND DATA STRUCTURES Computer Science and Engineering 3-0-3-7.5-4.5 {"NIL"} 
INSERT INTO course_catalog VALUES('GE103','INTRODUCTION TO COMPUTING AND DATA STRUCTURES','Computer Science and Engineering','3-0-3-7.5-4.5','{"NIL"}');
GE105 Engineering Drawing Mechanical Engineering 0-0-3-1.5-1.5 {"NIL"} 
INSERT INTO course_catalog VALUES('GE105','Engineering Drawing','Mechanical Engineering','0-0-3-1.5-1.5','{"NIL"}');
PH101 Physics for Engineers Physics 3-1-0-5-3 {"NIL"} 
INSERT INTO course_catalog VALUES('PH101','Physics for Engineers','Physics','3-1-0-5-3','{"NIL"}');
MA101 CALCULUS  Mathematics 3-1-0-5-3 {"NIL"} 
INSERT INTO course_catalog VALUES('MA101','CALCULUS ','Mathematics','3-1-0-5-3','{"NIL"}');
HS103 PROFESSIONAL ENGLISH COMMUNICATION Humanities and Social Sciences 2-0-2-5-3 {"NIL"} 
INSERT INTO course_catalog VALUES('HS103','PROFESSIONAL ENGLISH COMMUNICATION','Humanities and Social Sciences','2-0-2-5-3','{"NIL"}');
PH102 Physics for Engineers Lab Physics 0-0-4-2-2 {"NIL"} 
INSERT INTO course_catalog VALUES('PH102','Physics for Engineers Lab','Physics','0-0-4-2-2','{"NIL"}');
CY101 Chemistry for Engineers Chemistry 3-1-2-6-4 {"NIL"} 
INSERT INTO course_catalog VALUES('CY101','Chemistry for Engineers','Chemistry','3-1-2-6-4','{"NIL"}');
GE102 WORKSHOP PRACTICE Mechanical Engineering 0-0-4-2-2 {"NIL"} 
INSERT INTO course_catalog VALUES('GE102','WORKSHOP PRACTICE','Mechanical Engineering','0-0-4-2-2','{"NIL"}');
GE101 TECHNOLOGY MUSEUM LAB Humanities and Social Sciences 0-0-2-1-1 {"NIL"} 
INSERT INTO course_catalog VALUES('GE101','TECHNOLOGY MUSEUM LAB','Humanities and Social Sciences','0-0-2-1-1','{"NIL"}');
GE104 INTRODUCTION TO ELECTRICAL ENGINEERING Electrical Engineering 2-1-2-4-3 {"NIL"} 
INSERT INTO course_catalog VALUES('GE104','INTRODUCTION TO ELECTRICAL ENGINEERING','Electrical Engineering','2-1-2-4-3','{"NIL"}');
HS101 History of Technology Humanities and Social Sciences 1.5-0.5-0-2.5-1.5 {"NIL"} 
INSERT INTO course_catalog VALUES('HS101','History of Technology','Humanities and Social Sciences','1.5-0.5-0-2.5-1.5','{"NIL"}');
MA102 Linear Algebra Mathematics 3-1-0-5-3 {"NIL"} 
INSERT INTO course_catalog VALUES('MA102','Linear Algebra','Mathematics','3-1-0-5-3','{"NIL"}');
/home/nishant/Documents/Academics/Software_Engineering/Project/mini_project_2/src/main/java/org/tables/courses_offered.csv

/home/nishant/Documents/Academics/Software_Engineering/Project/mini_project_2/src/main/java/org/tables/faculty.csv

anilshukla@iitrpr.ac.in Anil Shukla Computer Science and Engineering anil12 
INSERT INTO faculty VALUES('anilshukla@iitrpr.ac.in','Anil Shukla','Computer Science and Engineering','anil12');
neeraj@iitrpr.ac.in Neeraj Goel Computer Science and Engineering neeraj12 
INSERT INTO faculty VALUES('neeraj@iitrpr.ac.in','Neeraj Goel','Computer Science and Engineering','neeraj12');
sodhi@iitrpr.ac.in Balwinder Sodhi Computer Science and Engineering bal12 
INSERT INTO faculty VALUES('sodhi@iitrpr.ac.in','Balwinder Sodhi','Computer Science and Engineering','bal12');
himanshu.paliwal@iitrpr.ac.in Himanshu Paliwal Chemical Engineering him12 
INSERT INTO faculty VALUES('himanshu.paliwal@iitrpr.ac.in','Himanshu Paliwal','Chemical Engineering','him12');
ranoringo@iitrpr.ac.in Rano Ringo Humanities and Social Sciences rano12 
INSERT INTO faculty VALUES('ranoringo@iitrpr.ac.in','Rano Ringo','Humanities and Social Sciences','rano12');
amritesh@iitrpr.ac.in Amritesh Humanities and Social Sciences amrit12 
INSERT INTO faculty VALUES('amritesh@iitrpr.ac.in','Amritesh','Humanities and Social Sciences','amrit12');
abiswas@iitrpr.ac.in Asoka Biswas Physics asoka12 
INSERT INTO faculty VALUES('abiswas@iitrpr.ac.in','Asoka Biswas','Physics','asoka12');
harpreetsingh@iitrpr.ac.in Harpreet Singh Mechanical Engineering har12 
INSERT INTO faculty VALUES('harpreetsingh@iitrpr.ac.in','Harpreet Singh','Mechanical Engineering','har12');
jprasad@iitrpr.ac.in Jitendra Prasad Mechanical Engineering jit12 
INSERT INTO faculty VALUES('jprasad@iitrpr.ac.in','Jitendra Prasad','Mechanical Engineering','jit12');
baleshkumar@iitrpr.ac.in Balesh Kumar Mathematics bal12 
INSERT INTO faculty VALUES('baleshkumar@iitrpr.ac.in','Balesh Kumar','Mathematics','bal12');
chmsdas@iitrpr.ac.in Soumyajit Das Chemistry som12 
INSERT INTO faculty VALUES('chmsdas@iitrpr.ac.in','Soumyajit Das','Chemistry','som12');
kalaiselvi@iitrpr.ac.in Kalaiselvi J Electrical Engineering kal12 
INSERT INTO faculty VALUES('kalaiselvi@iitrpr.ac.in','Kalaiselvi J','Electrical Engineering','kal12');
brijesh@iitrpr.ac.in Brajesh Kumbhani Electrical Engineering bra12 
INSERT INTO faculty VALUES('brijesh@iitrpr.ac.in','Brajesh Kumbhani','Electrical Engineering','bra12');
/home/nishant/Documents/Academics/Software_Engineering/Project/mini_project_2/src/main/java/org/tables/academic_office.csv

deanstaff@iitrpr.ac.in Honey Singh Staff Dean acad1 
INSERT INTO academic_office VALUES('deanstaff@iitrpr.ac.in','Honey Singh','Staff Dean','acad1');
office-academics-1@iitrpr.ac.in Amrit Varsha Superintendent acad2 
INSERT INTO academic_office VALUES('office-academics-1@iitrpr.ac.in','Amrit Varsha','Superintendent','acad2');
academicsug@iitrpr.ac.in Neha Dandhare Senior Assistant acad3 
INSERT INTO academic_office VALUES('academicsug@iitrpr.ac.in','Neha Dandhare','Senior Assistant','acad3');
/home/nishant/Documents/Academics/Software_Engineering/Project/mini_project_2/src/main/java/org/tables/program_core.csv

CS101 Computer Science and Engineering 1 2020 
INSERT INTO program_core VALUES('CS101','Computer Science and Engineering',1,2020);
/home/nishant/Documents/Academics/Software_Engineering/Project/mini_project_2/src/main/java/org/tables/engineering_core.csv

GE103 1 2020 
INSERT INTO engineering_core VALUES('GE103',1,2020);
GE105 1 2020 
INSERT INTO engineering_core VALUES('GE105',1,2020);
PH101 1 2020 
INSERT INTO engineering_core VALUES('PH101',1,2020);
MA101 1 2020 
INSERT INTO engineering_core VALUES('MA101',1,2020);
HS103 1 2020 
INSERT INTO engineering_core VALUES('HS103',1,2020);
]]></system-out>
  <system-err><![CDATA[]]></system-err>
</testsuite>
