<?xml version="1.0" encoding="UTF-8"?>
<testsuite name="org.iitrpr.Pages.Academic_Office.Academic_Office_home_pageTest" tests="6" skipped="0" failures="0" errors="0" timestamp="2023-03-09T15:29:16" hostname="nishant" time="1.606">
  <properties/>
  <testcase name="academic_login_front_end_1()" classname="org.iitrpr.Pages.Academic_Office.Academic_Office_home_pageTest" time="0.103"/>
  <testcase name="academic_login_front_end_2()" classname="org.iitrpr.Pages.Academic_Office.Academic_Office_home_pageTest" time="0.127"/>
  <testcase name="academic_login_front_end_3()" classname="org.iitrpr.Pages.Academic_Office.Academic_Office_home_pageTest" time="0.063"/>
  <testcase name="academic_login_front_end_4()" classname="org.iitrpr.Pages.Academic_Office.Academic_Office_home_pageTest" time="0.037"/>
  <testcase name="academic_login_front_end_5()" classname="org.iitrpr.Pages.Academic_Office.Academic_Office_home_pageTest" time="0.254"/>
  <testcase name="academic_login_front_end()" classname="org.iitrpr.Pages.Academic_Office.Academic_Office_home_pageTest" time="0.046"/>
  <system-out><![CDATA[----ACADEMIC OFFICE LOGIN----
Press 1=View grade of all students
Press 2=To edit the course catalog(add or remove new courses)
Press 3=To generate transcripts of students
Press 4=To add a session information, whether to allow course registration,grade submission
Press 5=To specify a course for current session and its type
Enter your choice:mera choice=1
yo
Enter student Entry Number:
Invalid student ID
Press 1 to go back to login page else 0 to continue:----ACADEMIC OFFICE LOGIN----
Press 1=View grade of all students
Press 2=To edit the course catalog(add or remove new courses)
Press 3=To generate transcripts of students
Press 4=To add a session information, whether to allow course registration,grade submission
Press 5=To specify a course for current session and its type
Enter your choice:mera choice=2
EDIT COURSE CATALOG MENU
Press 1: To add a course
Press 2: To view course catalog
Press 3: To exit course catalog
Enter your choice:CS304 Computer Networks Computer Science and Engineering 3-1-2-6-4 {CS201}
CS305 Software Engineering Computer Science and Engineering 3-1-2-6-4 {CS301,CS303}
CS306 Theory of Computation Computer Science and Engineering 3-1-0-5-3 {CS101}
CS101 Discrete Mathematics Computer Science and Engineering 3-1-0-5-3 {NIL}
CS202 Programming Paradigms and Pragmatics Computer Science and Engineering 3-1-2-6-4 {CS201}
CS203 Digital Logic Design Computer Science and Engineering 3-1-3-6-4 {GE103}
CS204 Computer Architecture  Computer Science and Engineering 3-1-2-6-4 {CS203,CS201}
CS302 Analysis and Design of Algorithms Computer Science and Engineering 3-1-0-5-3 {CS101}
CS303 Operating Systems Computer Science and Engineering 3-1-2-6-4 {CS201,CS203}
GE105 Engineering Drawing Mechanical Engineering 0-0-3-1.5-1.5 {NIL}
PH101 Physics for Engineers Physics 3-1-0-5-3 {NIL}
MA101 CALCULUS  Mathematics 3-1-0-5-3 {NIL}
HS103 PROFESSIONAL ENGLISH COMMUNICATION Humanities and Social Sciences 2-0-2-5-3 {NIL}
MA102 Linear Algebra Mathematics 3-1-0-5-3 {NIL}
HS101 History of Technology Humanities and Social Sciences 1.5-0.5-0-2.5-1.5 {NIL}
GE104 INTRODUCTION TO ELECTRICAL ENGINEERING Electrical Engineering 2-1-2-4-3 {NIL}
GE101 TECHNOLOGY MUSEUM LAB Humanities and Social Sciences 0-0-2-1-1 {NIL}
GE102 WORKSHOP PRACTICE Mechanical Engineering 0-0-4-2-2 {NIL}
CY101 Chemistry for Engineers Chemistry 3-1-2-6-4 {NIL}
PH102 Physics for Engineers Lab Physics 0-0-4-2-2 {NIL}
HS201 Economics Humanities and Social Sciences 3-1-0-5-3 {NIL}
GE103 INTRODUCTION TO COMPUTING AND DATA STRUCTURES Computer Science and Engineering 3-0-3-7.5-3 {NIL}
CS500 COMPUTER Computer Science and Engineering 3-1-2-6-20 {NIL}
HS500 HUMAN Humanities and Social Sciences 3-1-2-6-20 {NIL}
MA500 HUMAN Mathematics 3-1-2-6-20 {NIL}
CP302 BTP All 3-1-2-6-3 {NIL}
CS201 DATA STRUCTURES Computer Science and Engineering 3-1-2-6-4 {GE103}
EDIT COURSE CATALOG MENU
Press 1: To add a course
Press 2: To view course catalog
Press 3: To exit course catalog
Enter your choice:Press 1 to go back to login page else 0 to continue:----ACADEMIC OFFICE LOGIN----
Press 1=View grade of all students
Press 2=To edit the course catalog(add or remove new courses)
Press 3=To generate transcripts of students
Press 4=To add a session information, whether to allow course registration,grade submission
Press 5=To specify a course for current session and its type
Enter your choice:mera choice=2
EDIT COURSE CATALOG MENU
Press 1: To add a course
Press 2: To view course catalog
Press 3: To exit course catalog
Enter your choice:Enter course id:Enter course name:Enter department:Enter L-T-P-S-C:Enter number of prerequisites:Enter all n prerequisites space separated:EDIT COURSE CATALOG MENU
Press 1: To add a course
Press 2: To view course catalog
Press 3: To exit course catalog
Enter your choice:Press 1 to go back to login page else 0 to continue:----ACADEMIC OFFICE LOGIN----
Press 1=View grade of all students
Press 2=To edit the course catalog(add or remove new courses)
Press 3=To generate transcripts of students
Press 4=To add a session information, whether to allow course registration,grade submission
Press 5=To specify a course for current session and its type
Enter your choice:mera choice=2
You are not allowed to edit course catalog
Press 1 to go back to login page else 0 to continue:----ACADEMIC OFFICE LOGIN----
Press 1=View grade of all students
Press 2=To edit the course catalog(add or remove new courses)
Press 3=To generate transcripts of students
Press 4=To add a session information, whether to allow course registration,grade submission
Press 5=To specify a course for current session and its type
Enter your choice:mera choice=3
Please enter student ID:current session bhai=2021-1
Current Semester=3
Student didn't did any course in the session 2021-1
Press 1 to go back to login page else 0 to continue:----ACADEMIC OFFICE LOGIN----
Press 1=View grade of all students
Press 2=To edit the course catalog(add or remove new courses)
Press 3=To generate transcripts of students
Press 4=To add a session information, whether to allow course registration,grade submission
Press 5=To specify a course for current session and its type
Enter your choice:mera choice=1
yo
Enter student Entry Number:
CS101 2020-1 B
MA102 2020-2 A-
GE104 2020-2 B
GE103 2020-1 A
CP302 2023-1 A
true true
Press 1 to go back to login page else 0 to continue:]]></system-out>
  <system-err><![CDATA[]]></system-err>
</testsuite>
